<?xml version="1.0" encoding="UTF-8"?>
<!-- Generated by org.testng.reporters.JUnitReportReporter -->
<testsuite skipped="0" hostname="Niket" name="tests.KoodoLogin" tests="5" failures="0" timestamp="14 Jul 2020 16:55:20 GMT" time="92.299" errors="0">
  <testcase name="PasswordValidation" time="21.975" classname="tests.KoodoLogin"/>
  <testcase name="InvalidEmailval" time="17.399" classname="tests.KoodoLogin"/>
  <testcase name="EmailValidation" time="18.233" classname="tests.KoodoLogin"/>
  <testcase name="Incorrectpassval" time="16.884" classname="tests.KoodoLogin"/>
  <testcase name="IncorrectEmailval" time="17.808" classname="tests.KoodoLogin"/>
</testsuite> <!-- tests.KoodoLogin -->
