<?xml version="1.0" encoding="UTF-8"?>
<!-- Generated by org.testng.reporters.JUnitReportReporter -->
<testsuite skipped="0" hostname="Niket" name="tests.KoodoLogin" tests="2" failures="0" timestamp="13 Jul 2020 19:15:19 GMT" time="43.779" errors="0">
  <testcase name="PasswordValidation" time="24.303" classname="tests.KoodoLogin"/>
  <testcase name="EmailValidation" time="19.476" classname="tests.KoodoLogin"/>
</testsuite> <!-- tests.KoodoLogin -->
